#
# There is insufficient memory for the Java Runtime Environment to continue.
# Native memory allocation (malloc) failed to allocate 215856 bytes for Chunk::new
# Possible reasons:
#   The system is out of physical RAM or swap space
#   The process is running with CompressedOops enabled, and the Java Heap may be blocking the growth of the native heap
# Possible solutions:
#   Reduce memory load on the system
#   Increase physical memory or swap space
#   Check if swap backing store is full
#   Decrease Java heap size (-Xmx/-Xms)
#   Decrease number of Java threads
#   Decrease Java thread stack sizes (-Xss)
#   Set larger code cache with -XX:ReservedCodeCacheSize=
#   JVM is running with Unscaled Compressed Oops mode in which the Java heap is
#     placed in the first 4GB address space. The Java Heap base address is the
#     maximum limit for the native heap growth. Please use -XX:HeapBaseMinAddress
#     to set the Java Heap base and to place the Java Heap above 4GB virtual address.
# This output file may be truncated or incomplete.
#
#  Out of Memory Error (allocation.cpp:389), pid=13376, tid=0x0000000000004cbc
#
# JRE version: OpenJDK Runtime Environment (8.0_242-b01) (build 1.8.0_242-release-1644-b01)
# Java VM: OpenJDK 64-Bit Server VM (25.242-b01 mixed mode windows-amd64 compressed oops)
# Failed to write core dump. Minidumps are not enabled by default on client versions of Windows
#

---------------  T H R E A D  ---------------

Current thread (0x0000000017de9000):  JavaThread "C2 CompilerThread0" daemon [_thread_in_native, id=19644, stack(0x0000000019440000,0x0000000019540000)]

Stack: [0x0000000019440000,0x0000000019540000]
[error occurred during error reporting (printing stack bounds), id 0xc0000005]

Native frames: (J=compiled Java code, j=interpreted, Vv=VM code, C=native code)


Current CompileTask:
C2: 591046 10981   !   4       com.google.common.collect.MapMakerInternalMap$Segment::put (298 bytes)


---------------  P R O C E S S  ---------------

Java Threads: ( => current thread )
  0x000000001dfb4000 JavaThread "WorkerExecutor Queue Thread 5" [_thread_blocked, id=20728, stack(0x0000000028520000,0x0000000028620000)]
  0x000000001dfb5800 JavaThread "stdout" [_thread_in_native, id=18056, stack(0x0000000028020000,0x0000000028120000)]
  0x000000001dfb7000 JavaThread "stderr" [_thread_in_native, id=15444, stack(0x0000000027f20000,0x0000000028020000)]
  0x000000001dfba000 JavaThread "stdout" [_thread_in_native, id=17436, stack(0x0000000027e20000,0x0000000027f20000)]
  0x000000001be9b800 JavaThread "stderr" [_thread_in_native, id=21696, stack(0x0000000027d20000,0x0000000027e20000)]
  0x000000001be9a800 JavaThread "stdout" [_thread_in_native, id=5368, stack(0x0000000027c20000,0x0000000027d20000)]
  0x000000001be95800 JavaThread "stderr" [_thread_in_native, id=14204, stack(0x0000000027b20000,0x0000000027c20000)]
  0x000000001be94800 JavaThread "stdout" [_thread_in_native, id=19604, stack(0x0000000027a20000,0x0000000027b20000)]
  0x000000001be99000 JavaThread "stderr" [_thread_in_native, id=8240, stack(0x0000000027920000,0x0000000027a20000)]
  0x000000001be8c800 JavaThread "pool-5-thread-1" [_thread_blocked, id=13632, stack(0x0000000027820000,0x0000000027920000)]
  0x000000001be97800 JavaThread "MarlinRenderer Disposer" daemon [_thread_blocked, id=20440, stack(0x0000000027720000,0x0000000027820000)]
  0x000000001be96000 JavaThread "Java2D Disposer" daemon [_thread_blocked, id=20008, stack(0x0000000027620000,0x0000000027720000)]
  0x000000001be97000 JavaThread "WorkerExecutor Queue Thread 3" [_thread_in_native, id=17816, stack(0x0000000027120000,0x0000000027220000)]
  0x000000001be8d000 JavaThread "WorkerExecutor Queue Thread 2" [_thread_blocked, id=22348, stack(0x0000000026f20000,0x0000000027020000)]
  0x000000001be92800 JavaThread "WorkerExecutor Queue" [_thread_blocked, id=16152, stack(0x0000000026ad0000,0x0000000026bd0000)]
  0x000000001be93000 JavaThread "Cache worker for execution history cache (C:\Users\cmulilo\AndroidStudioProjects\BMICalculator\.gradle\6.1.1\executionHistory)" [_thread_blocked, id=2700, stack(0x00000000269d0000,0x0000000026ad0000)]
  0x000000001be91800 JavaThread "Execution worker for ':' Thread 3" [_thread_blocked, id=7940, stack(0x00000000268d0000,0x00000000269d0000)]
  0x000000001be91000 JavaThread "Execution worker for ':' Thread 2" [_thread_blocked, id=21200, stack(0x00000000267d0000,0x00000000268d0000)]
  0x000000001be8f800 JavaThread "Execution worker for ':'" [_thread_blocked, id=7888, stack(0x00000000266d0000,0x00000000267d0000)]
  0x000000001aef4000 JavaThread "Cache worker for file content cache (C:\Users\cmulilo\AndroidStudioProjects\BMICalculator\.gradle\6.1.1\fileContent)" [_thread_blocked, id=12764, stack(0x00000000261d0000,0x00000000262d0000)]
  0x000000001aef2000 JavaThread "Cache worker for file content cache (C:\Users\cmulilo\.gradle\caches\6.1.1\fileContent)" [_thread_blocked, id=20988, stack(0x00000000260d0000,0x00000000261d0000)]
  0x000000001aef1000 JavaThread "Memory manager" [_thread_blocked, id=3860, stack(0x0000000025fd0000,0x00000000260d0000)]
  0x0000000020fe6800 JavaThread "Cache worker for Build Output Cleanup Cache (C:\Users\cmulilo\AndroidStudioProjects\BMICalculator\.gradle\buildOutputCleanup)" [_thread_blocked, id=19152, stack(0x0000000025cd0000,0x0000000025dd0000)]
  0x0000000020fe4000 JavaThread "pool-4-thread-1" [_thread_blocked, id=15032, stack(0x0000000025bd0000,0x0000000025cd0000)]
  0x0000000020fe2000 JavaThread "Build operations Thread 4" [_thread_blocked, id=21312, stack(0x0000000024290000,0x0000000024390000)]
  0x0000000020fe2800 JavaThread "Build operations Thread 3" [_thread_blocked, id=6988, stack(0x0000000024190000,0x0000000024290000)]
  0x0000000020fe5800 JavaThread "Build operations Thread 2" [_thread_blocked, id=16100, stack(0x0000000023c90000,0x0000000023d90000)]
  0x0000000020fe5000 JavaThread "Build operations" [_thread_blocked, id=22108, stack(0x0000000023790000,0x0000000023890000)]
  0x0000000020fe3800 JavaThread "Cache worker for cache directory md-rule (C:\Users\cmulilo\.gradle\caches\6.1.1\md-rule)" [_thread_blocked, id=16336, stack(0x0000000023690000,0x0000000023790000)]
  0x0000000020fe1000 JavaThread "Cache worker for cache directory md-supplier (C:\Users\cmulilo\.gradle\caches\6.1.1\md-supplier)" [_thread_blocked, id=12948, stack(0x0000000023590000,0x0000000023690000)]
  0x0000000020fd9800 JavaThread "Cache worker for file hash cache (C:\Users\cmulilo\AndroidStudioProjects\BMICalculator\.gradle\6.1.1\fileHashes)" [_thread_blocked, id=17736, stack(0x0000000021bd0000,0x0000000021cd0000)]
  0x0000000020fe0800 JavaThread "Cache worker for checksums cache (C:\Users\cmulilo\AndroidStudioProjects\BMICalculator\.gradle\checksums)" [_thread_blocked, id=16656, stack(0x0000000020540000,0x0000000020640000)]
  0x0000000020fdf800 JavaThread "Thread-68" [_thread_blocked, id=17280, stack(0x0000000020000000,0x0000000020100000)]
  0x0000000020fdb000 JavaThread "Stdin handler" [_thread_blocked, id=21564, stack(0x000000001d660000,0x000000001d760000)]
  0x0000000020fd8000 JavaThread "Asynchronous log dispatcher for DefaultDaemonConnection: socket connection from /127.0.0.1:56273 to /127.0.0.1:56776" [_thread_blocked, id=16736, stack(0x000000001d360000,0x000000001d460000)]
  0x0000000020fdf000 JavaThread "Daemon worker Thread 3" [_thread_blocked, id=2624, stack(0x000000001ce60000,0x000000001cf60000)]
  0x0000000020fd7800 JavaThread "Cancel handler" [_thread_blocked, id=20404, stack(0x0000000001450000,0x0000000001550000)]
  0x0000000020fda800 JavaThread "Handler for socket connection from /127.0.0.1:56273 to /127.0.0.1:56776" [_thread_in_native, id=1052, stack(0x0000000001350000,0x0000000001450000)]
  0x0000000020fde000 JavaThread "Daemon Thread 3" [_thread_blocked, id=15572, stack(0x0000000001250000,0x0000000001350000)]
  0x000000001aef3800 JavaThread "Cache worker for execution history cache (C:\Users\cmulilo\.gradle\caches\6.1.1\executionHistory)" [_thread_blocked, id=12944, stack(0x00000000216d0000,0x00000000217d0000)]
  0x000000001aef0800 JavaThread "Cache worker for file hash cache (C:\Users\cmulilo\.gradle\caches\6.1.1\fileHashes)" [_thread_blocked, id=7660, stack(0x000000001db60000,0x000000001dc60000)]
  0x000000001aef2800 JavaThread "File lock request listener" [_thread_in_native, id=18872, stack(0x000000001da60000,0x000000001db60000)]
  0x000000001aef5800 JavaThread "Cache worker for journal cache (C:\Users\cmulilo\.gradle\caches\journal-1)" [_thread_blocked, id=5736, stack(0x000000001d960000,0x000000001da60000)]
  0x0000000019b14800 JavaThread "Daemon periodic checks" [_thread_blocked, id=15664, stack(0x000000001cd60000,0x000000001ce60000)]
  0x000000001a92b000 JavaThread "Incoming local TCP Connector on port 56273" [_thread_in_native, id=12632, stack(0x000000001cb20000,0x000000001cc20000)]
  0x0000000019d9d800 JavaThread "Daemon health stats" [_thread_blocked, id=4476, stack(0x000000001c4e0000,0x000000001c5e0000)]
  0x0000000019770800 JavaThread "Service Thread" daemon [_thread_blocked, id=17304, stack(0x0000000019b40000,0x0000000019c40000)]
  0x0000000017dfa000 JavaThread "C1 CompilerThread2" daemon [_thread_blocked, id=16024, stack(0x0000000019640000,0x0000000019740000)]
  0x0000000017deb800 JavaThread "C2 CompilerThread1" daemon [_thread_in_native, id=16928, stack(0x0000000019540000,0x0000000019640000)]
=>0x0000000017de9000 JavaThread "C2 CompilerThread0" daemon [_thread_in_native, id=19644, stack(0x0000000019440000,0x0000000019540000)]
  0x0000000017de3800 JavaThread "Attach Listener" daemon [_thread_blocked, id=13580, stack(0x0000000019340000,0x0000000019440000)]
  0x0000000017de2800 JavaThread "Signal Dispatcher" daemon [_thread_blocked, id=14664, stack(0x0000000019240000,0x0000000019340000)]
  0x00000000031bd800 JavaThread "Finalizer" daemon [_thread_blocked, id=15508, stack(0x0000000019040000,0x0000000019140000)]
  0x0000000017dc9000 JavaThread "Reference Handler" daemon [_thread_blocked, id=22304, stack(0x0000000018f40000,0x0000000019040000)]
  0x00000000030be000 JavaThread "main" [_thread_blocked, id=19712, stack(0x0000000002ee0000,0x0000000002fe0000)]

Other Threads:
  0x0000000017da6000 VMThread [stack: 0x0000000018e40000,0x0000000018f40000] [id=6240]
  0x0000000017e3c000 WatcherThread [stack: 0x0000000019c40000,0x0000000019d40000] [id=18468]

VM state:not at safepoint (normal execution)

VM Mutex/Monitor currently owned by a thread: None

heap address: 0x0000000080000000, size: 2048 MB, Compressed Oops mode: 32-bit
Narrow klass base: 0x0000000000000000, Narrow klass shift: 3
Compressed class space size: 1073741824 Address: 0x0000000100000000

Heap:
 PSYoungGen      total 253440K, used 115243K [0x00000000d5580000, 0x00000000e5f80000, 0x0000000100000000)
  eden space 233984K, 45% used [0x00000000d5580000,0x00000000dbd70450,0x00000000e3a00000)
  from space 19456K, 45% used [0x00000000e4c80000,0x00000000e551a9b0,0x00000000e5f80000)
  to   space 18944K, 0% used [0x00000000e3a00000,0x00000000e3a00000,0x00000000e4c80000)
 ParOldGen       total 97792K, used 35766K [0x0000000080000000, 0x0000000085f80000, 0x00000000d5580000)
  object space 97792K, 36% used [0x0000000080000000,0x00000000822edb00,0x0000000085f80000)
 Metaspace       used 74335K, capacity 77402K, committed 77656K, reserved 1116160K
  class space    used 9720K, capacity 10368K, committed 10368K, reserved 1048576K

Card table byte_map: [0x0000000012580000,0x0000000012990000] byte_map_base: 0x0000000012180000

Marking Bits: (ParMarkBitMap*) 0x00000000535ef030
 Begin Bits: [0x0000000013040000, 0x0000000015040000)
 End Bits:   [0x0000000015040000, 0x0000000017040000)

Polling page: 0x0000000001040000

CodeCache: size=245760Kb used=29952Kb max_used=29952Kb free=215807Kb
 bounds [0x00000000031c0000, 0x0000000004f30000, 0x00000000121c0000]
 total_blobs=10324 nmethods=9391 adapters=846
 compilation: enabled

Compilation events (10 events):
Event: 590.828 Thread 0x0000000017deb800 nmethod 10975 0x0000000004f183d0 code [0x0000000004f18540, 0x0000000004f18678]
Event: 590.835 Thread 0x0000000017dfa000 10977       3       com.google.common.collect.ImmutableList::construct (8 bytes)
Event: 590.835 Thread 0x0000000017dfa000 nmethod 10977 0x0000000004f1ef10 code [0x0000000004f1f0a0, 0x0000000004f1f438]
Event: 590.836 Thread 0x0000000017dfa000 10978       3       com.google.common.collect.ImmutableMap$Builder::<init> (23 bytes)
Event: 590.836 Thread 0x0000000017dfa000 nmethod 10978 0x0000000004f18810 code [0x0000000004f18980, 0x0000000004f18bf0]
Event: 590.839 Thread 0x0000000017de9000 nmethod 10976 0x0000000004f1b090 code [0x0000000004f1b240, 0x0000000004f1b8e8]
Event: 590.919 Thread 0x0000000017dfa000 10979   !   3       java.util.concurrent.ConcurrentHashMap::putVal (362 bytes)
Event: 590.922 Thread 0x0000000017dfa000 nmethod 10979 0x0000000004f20110 code [0x0000000004f203c0, 0x0000000004f21d58]
Event: 591.009 Thread 0x0000000017deb800 10980       4       com.google.common.collect.MapMakerInternalMap::putIfAbsent (29 bytes)
Event: 591.009 Thread 0x0000000017de9000 10981   !   4       com.google.common.collect.MapMakerInternalMap$Segment::put (298 bytes)

GC Heap History (10 events):
Event: 23.778 GC heap before
{Heap before GC invocations=15 (full 2):
 PSYoungGen      total 144896K, used 144614K [0x00000000d5580000, 0x00000000dfb80000, 0x0000000100000000)
  eden space 133120K, 100% used [0x00000000d5580000,0x00000000dd780000,0x00000000dd780000)
  from space 11776K, 97% used [0x00000000df000000,0x00000000dfb39878,0x00000000dfb80000)
  to   space 13824K, 0% used [0x00000000de080000,0x00000000de080000,0x00000000dee00000)
 ParOldGen       total 67072K, used 14228K [0x0000000080000000, 0x0000000084180000, 0x00000000d5580000)
  object space 67072K, 21% used [0x0000000080000000,0x0000000080de5280,0x0000000084180000)
 Metaspace       used 54743K, capacity 56774K, committed 56792K, reserved 1097728K
  class space    used 7474K, capacity 7932K, committed 7936K, reserved 1048576K
Event: 23.871 GC heap after
Heap after GC invocations=15 (full 2):
 PSYoungGen      total 156160K, used 13810K [0x00000000d5580000, 0x00000000e2980000, 0x0000000100000000)
  eden space 142336K, 0% used [0x00000000d5580000,0x00000000d5580000,0x00000000de080000)
  from space 13824K, 99% used [0x00000000de080000,0x00000000dedfcb90,0x00000000dee00000)
  to   space 18432K, 0% used [0x00000000e1780000,0x00000000e1780000,0x00000000e2980000)
 ParOldGen       total 67072K, used 22111K [0x0000000080000000, 0x0000000084180000, 0x00000000d5580000)
  object space 67072K, 32% used [0x0000000080000000,0x0000000081597d18,0x0000000084180000)
 Metaspace       used 54743K, capacity 56774K, committed 56792K, reserved 1097728K
  class space    used 7474K, capacity 7932K, committed 7936K, reserved 1048576K
}
Event: 24.304 GC heap before
{Heap before GC invocations=16 (full 2):
 PSYoungGen      total 156160K, used 37950K [0x00000000d5580000, 0x00000000e2980000, 0x0000000100000000)
  eden space 142336K, 16% used [0x00000000d5580000,0x00000000d6d12e38,0x00000000de080000)
  from space 13824K, 99% used [0x00000000de080000,0x00000000dedfcb90,0x00000000dee00000)
  to   space 18432K, 0% used [0x00000000e1780000,0x00000000e1780000,0x00000000e2980000)
 ParOldGen       total 67072K, used 22111K [0x0000000080000000, 0x0000000084180000, 0x00000000d5580000)
  object space 67072K, 32% used [0x0000000080000000,0x0000000081597d18,0x0000000084180000)
 Metaspace       used 56854K, capacity 58794K, committed 59028K, reserved 1099776K
  class space    used 7639K, capacity 8074K, committed 8192K, reserved 1048576K
Event: 24.342 GC heap after
Heap after GC invocations=16 (full 2):
 PSYoungGen      total 198656K, used 1728K [0x00000000d5580000, 0x00000000e3d00000, 0x0000000100000000)
  eden space 180224K, 0% used [0x00000000d5580000,0x00000000d5580000,0x00000000e0580000)
  from space 18432K, 9% used [0x00000000e1780000,0x00000000e19303c8,0x00000000e2980000)
  to   space 18432K, 0% used [0x00000000e0580000,0x00000000e0580000,0x00000000e1780000)
 ParOldGen       total 67072K, used 31264K [0x0000000080000000, 0x0000000084180000, 0x00000000d5580000)
  object space 67072K, 46% used [0x0000000080000000,0x0000000081e88198,0x0000000084180000)
 Metaspace       used 56854K, capacity 58794K, committed 59028K, reserved 1099776K
  class space    used 7639K, capacity 8074K, committed 8192K, reserved 1048576K
}
Event: 24.342 GC heap before
{Heap before GC invocations=17 (full 3):
 PSYoungGen      total 198656K, used 1728K [0x00000000d5580000, 0x00000000e3d00000, 0x0000000100000000)
  eden space 180224K, 0% used [0x00000000d5580000,0x00000000d5580000,0x00000000e0580000)
  from space 18432K, 9% used [0x00000000e1780000,0x00000000e19303c8,0x00000000e2980000)
  to   space 18432K, 0% used [0x00000000e0580000,0x00000000e0580000,0x00000000e1780000)
 ParOldGen       total 67072K, used 31264K [0x0000000080000000, 0x0000000084180000, 0x00000000d5580000)
  object space 67072K, 46% used [0x0000000080000000,0x0000000081e88198,0x0000000084180000)
 Metaspace       used 56854K, capacity 58794K, committed 59028K, reserved 1099776K
  class space    used 7639K, capacity 8074K, committed 8192K, reserved 1048576K
Event: 25.021 GC heap after
Heap after GC invocations=17 (full 3):
 PSYoungGen      total 198656K, used 0K [0x00000000d5580000, 0x00000000e3d00000, 0x0000000100000000)
  eden space 180224K, 0% used [0x00000000d5580000,0x00000000d5580000,0x00000000e0580000)
  from space 18432K, 0% used [0x00000000e1780000,0x00000000e1780000,0x00000000e2980000)
  to   space 18432K, 0% used [0x00000000e0580000,0x00000000e0580000,0x00000000e1780000)
 ParOldGen       total 97792K, used 28085K [0x0000000080000000, 0x0000000085f80000, 0x00000000d5580000)
  object space 97792K, 28% used [0x0000000080000000,0x0000000081b6d668,0x0000000085f80000)
 Metaspace       used 56830K, capacity 58716K, committed 59028K, reserved 1099776K
  class space    used 7632K, capacity 8061K, committed 8192K, reserved 1048576K
}
Event: 540.227 GC heap before
{Heap before GC invocations=18 (full 3):
 PSYoungGen      total 198656K, used 180224K [0x00000000d5580000, 0x00000000e3d00000, 0x0000000100000000)
  eden space 180224K, 100% used [0x00000000d5580000,0x00000000e0580000,0x00000000e0580000)
  from space 18432K, 0% used [0x00000000e1780000,0x00000000e1780000,0x00000000e2980000)
  to   space 18432K, 0% used [0x00000000e0580000,0x00000000e0580000,0x00000000e1780000)
 ParOldGen       total 97792K, used 28085K [0x0000000080000000, 0x0000000085f80000, 0x00000000d5580000)
  object space 97792K, 28% used [0x0000000080000000,0x0000000081b6d668,0x0000000085f80000)
 Metaspace       used 64139K, capacity 66624K, committed 66776K, reserved 1107968K
  class space    used 8537K, capacity 9089K, committed 9216K, reserved 1048576K
Event: 540.355 GC heap after
Heap after GC invocations=18 (full 3):
 PSYoungGen      total 198656K, used 12685K [0x00000000d5580000, 0x00000000e5f80000, 0x0000000100000000)
  eden space 180224K, 0% used [0x00000000d5580000,0x00000000d5580000,0x00000000e0580000)
  from space 18432K, 68% used [0x00000000e0580000,0x00000000e11e35a0,0x00000000e1780000)
  to   space 19456K, 0% used [0x00000000e4c80000,0x00000000e4c80000,0x00000000e5f80000)
 ParOldGen       total 97792K, used 28093K [0x0000000080000000, 0x0000000085f80000, 0x00000000d5580000)
  object space 97792K, 28% used [0x0000000080000000,0x0000000081b6f668,0x0000000085f80000)
 Metaspace       used 64139K, capacity 66624K, committed 66776K, reserved 1107968K
  class space    used 8537K, capacity 9089K, committed 9216K, reserved 1048576K
}
Event: 550.430 GC heap before
{Heap before GC invocations=19 (full 3):
 PSYoungGen      total 198656K, used 192909K [0x00000000d5580000, 0x00000000e5f80000, 0x0000000100000000)
  eden space 180224K, 100% used [0x00000000d5580000,0x00000000e0580000,0x00000000e0580000)
  from space 18432K, 68% used [0x00000000e0580000,0x00000000e11e35a0,0x00000000e1780000)
  to   space 19456K, 0% used [0x00000000e4c80000,0x00000000e4c80000,0x00000000e5f80000)
 ParOldGen       total 97792K, used 28093K [0x0000000080000000, 0x0000000085f80000, 0x00000000d5580000)
  object space 97792K, 28% used [0x0000000080000000,0x0000000081b6f668,0x0000000085f80000)
 Metaspace       used 69938K, capacity 72910K, committed 73048K, reserved 1112064K
  class space    used 9199K, capacity 9818K, committed 9856K, reserved 1048576K
Event: 550.805 GC heap after
Heap after GC invocations=19 (full 3):
 PSYoungGen      total 253440K, used 8810K [0x00000000d5580000, 0x00000000e5f80000, 0x0000000100000000)
  eden space 233984K, 0% used [0x00000000d5580000,0x00000000d5580000,0x00000000e3a00000)
  from space 19456K, 45% used [0x00000000e4c80000,0x00000000e551a9b0,0x00000000e5f80000)
  to   space 18944K, 0% used [0x00000000e3a00000,0x00000000e3a00000,0x00000000e4c80000)
 ParOldGen       total 97792K, used 35766K [0x0000000080000000, 0x0000000085f80000, 0x00000000d5580000)
  object space 97792K, 36% used [0x0000000080000000,0x00000000822edb00,0x0000000085f80000)
 Metaspace       used 69938K, capacity 72910K, committed 73048K, reserved 1112064K
  class space    used 9199K, capacity 9818K, committed 9856K, reserved 1048576K
}

Deoptimization events (10 events):
Event: 559.498 Thread 0x000000001be8f800 Uncommon trap: reason=unstable_if action=reinterpret pc=0x0000000003614e90 method=java.io.ObjectOutputStream$BlockDataOutputStream.writeByte(I)V @ 7
Event: 588.247 Thread 0x000000001be97000 Uncommon trap: reason=unstable_if action=reinterpret pc=0x0000000003be1cd0 method=java.util.concurrent.ConcurrentHashMap.putVal(Ljava/lang/Object;Ljava/lang/Object;Z)Ljava/lang/Object; @ 195
Event: 590.771 Thread 0x000000001be97000 Uncommon trap: reason=class_check action=maybe_recompile pc=0x0000000004f0d934 method=com.google.common.collect.IndexedImmutableSet$1.get(I)Ljava/lang/Object; @ 5
Event: 590.771 Thread 0x000000001be97000 Uncommon trap: reason=class_check action=maybe_recompile pc=0x0000000004f0d924 method=com.google.common.collect.ImmutableList$1.get(I)Ljava/lang/Object; @ 5
Event: 590.772 Thread 0x000000001be97000 Uncommon trap: reason=class_check action=maybe_recompile pc=0x0000000004f0d924 method=com.google.common.collect.ImmutableList$1.get(I)Ljava/lang/Object; @ 5
Event: 590.772 Thread 0x000000001be97000 Uncommon trap: reason=class_check action=maybe_recompile pc=0x0000000004f0d924 method=com.google.common.collect.ImmutableList$1.get(I)Ljava/lang/Object; @ 5
Event: 590.772 Thread 0x000000001be97000 Uncommon trap: reason=class_check action=maybe_recompile pc=0x0000000004f0d924 method=com.google.common.collect.ImmutableList$1.get(I)Ljava/lang/Object; @ 5
Event: 590.772 Thread 0x000000001be97000 Uncommon trap: reason=class_check action=maybe_recompile pc=0x0000000004f0bc5c method=com.google.common.collect.IndexedImmutableSet$1.get(I)Ljava/lang/Object; @ 5
Event: 590.775 Thread 0x000000001be97000 Uncommon trap: reason=class_check action=maybe_recompile pc=0x0000000004f0bc5c method=com.google.common.collect.IndexedImmutableSet$1.get(I)Ljava/lang/Object; @ 5
Event: 590.775 Thread 0x000000001be97000 Uncommon trap: reason=class_check action=maybe_recompile pc=0x0000000004f0bc5c method=com.google.common.collect.IndexedImmutableSet$1.get(I)Ljava/lang/Object; @ 5

Classes redefined (0 events):
No events

Internal exceptions (10 events):
Event: 557.848 Thread 0x000000001be8f800 Exception <a 'sun/nio/fs/WindowsException'> (0x00000000d7ef57e8) thrown at [C:\src\AOSP-openjdk-git\hotspot\src\share\vm\prims\jni.cpp, line 710]
Event: 557.848 Thread 0x000000001be8f800 Exception <a 'sun/nio/fs/WindowsException'> (0x00000000d7ef6860) thrown at [C:\src\AOSP-openjdk-git\hotspot\src\share\vm\prims\jni.cpp, line 710]
Event: 559.497 Thread 0x000000001be8f800 Exception <a 'java/lang/NoSuchMethodError': <clinit>> (0x00000000daeef638) thrown at [C:\src\AOSP-openjdk-git\hotspot\src\share\vm\prims\jni.cpp, line 1615]
Event: 559.500 Thread 0x000000001be8f800 Exception <a 'java/lang/NoSuchMethodError': <clinit>> (0x00000000daf0c5e8) thrown at [C:\src\AOSP-openjdk-git\hotspot\src\share\vm\prims\jni.cpp, line 1615]
Event: 559.502 Thread 0x000000001be8f800 Exception <a 'java/lang/NoSuchMethodError': <clinit>> (0x00000000daf2e4f0) thrown at [C:\src\AOSP-openjdk-git\hotspot\src\share\vm\prims\jni.cpp, line 1615]
Event: 559.509 Thread 0x000000001be8f800 Exception <a 'java/lang/NoSuchMethodError': <clinit>> (0x00000000daf74b28) thrown at [C:\src\AOSP-openjdk-git\hotspot\src\share\vm\prims\jni.cpp, line 1615]
Event: 560.322 Thread 0x000000001be97000 Exception <a 'java/lang/NoSuchMethodError': java.lang.Object.lambda$negate$1(Ljava/lang/Object;)Z> (0x00000000db2489f8) thrown at [C:\src\AOSP-openjdk-git\hotspot\src\share\vm\interpreter\linkResolver.cpp, line 620]
Event: 590.906 Thread 0x000000001be97000 Exception <a 'sun/nio/fs/WindowsException'> (0x00000000dbc1bc30) thrown at [C:\src\AOSP-openjdk-git\hotspot\src\share\vm\prims\jni.cpp, line 710]
Event: 590.918 Thread 0x000000001be97000 Exception <a 'sun/nio/fs/WindowsException'> (0x00000000dbc347f8) thrown at [C:\src\AOSP-openjdk-git\hotspot\src\share\vm\prims\jni.cpp, line 710]
Event: 590.918 Thread 0x000000001be97000 Exception <a 'sun/nio/fs/WindowsException'> (0x00000000dbc34ca0) thrown at [C:\src\AOSP-openjdk-git\hotspot\src\share\vm\prims\jni.cpp, line 710]

Events (10 events):
Event: 590.999 loading class org/objectweb/asm/ClassTooLargeException
Event: 590.999 loading class org/objectweb/asm/ClassTooLargeException done
Event: 591.002 loading class org/objectweb/asm/SymbolTable
Event: 591.002 loading class org/objectweb/asm/SymbolTable done
Event: 591.008 loading class org/objectweb/asm/Symbol
Event: 591.008 loading class org/objectweb/asm/Symbol done
Event: 591.013 loading class org/objectweb/asm/SymbolTable$Entry
Event: 591.013 loading class org/objectweb/asm/SymbolTable$Entry done
Event: 591.017 loading class org/objectweb/asm/ByteVector
Event: 591.017 loading class org/objectweb/asm/ByteVector done


Dynamic libraries:
0x00007ff743490000 - 0x00007ff7434c1000 	C:\Program Files\Android\Android Studio1\jre\bin\java.exe
0x00007ffc85bf0000 - 0x00007ffc85de5000 	C:\WINDOWS\SYSTEM32\ntdll.dll
0x00007ffc83cb0000 - 0x00007ffc83d6d000 	C:\WINDOWS\System32\KERNEL32.DLL
0x00007ffc83330000 - 0x00007ffc835f7000 	C:\WINDOWS\System32\KERNELBASE.dll
0x00007ffc83d70000 - 0x00007ffc83e1a000 	C:\WINDOWS\System32\ADVAPI32.dll
0x00007ffc83fe0000 - 0x00007ffc8407e000 	C:\WINDOWS\System32\msvcrt.dll
0x00007ffc84f00000 - 0x00007ffc84f9b000 	C:\WINDOWS\System32\sechost.dll
0x00007ffc85a80000 - 0x00007ffc85ba4000 	C:\WINDOWS\System32\RPCRT4.dll
0x00007ffc84d60000 - 0x00007ffc84f00000 	C:\WINDOWS\System32\USER32.dll
0x00007ffc83840000 - 0x00007ffc83862000 	C:\WINDOWS\System32\win32u.dll
0x00007ffc84fa0000 - 0x00007ffc84fca000 	C:\WINDOWS\System32\GDI32.dll
0x00007ffc839c0000 - 0x00007ffc83ac9000 	C:\WINDOWS\System32\gdi32full.dll
0x00007ffc83bb0000 - 0x00007ffc83c4d000 	C:\WINDOWS\System32\msvcp_win.dll
0x00007ffc838c0000 - 0x00007ffc839c0000 	C:\WINDOWS\System32\ucrtbase.dll
0x00007ffc6c320000 - 0x00007ffc6c5bb000 	C:\WINDOWS\WinSxS\amd64_microsoft.windows.common-controls_6595b64144ccf1df_6.0.19041.488_none_ca04af081b815d21\COMCTL32.dll
0x00007ffc846b0000 - 0x00007ffc846e0000 	C:\WINDOWS\System32\IMM32.DLL
0x0000000052120000 - 0x00000000521f2000 	C:\Program Files\Android\Android Studio1\jre\jre\bin\msvcr100.dll
0x0000000052e20000 - 0x000000005366b000 	C:\Program Files\Android\Android Studio1\jre\jre\bin\server\jvm.dll
0x00007ffc84ce0000 - 0x00007ffc84ce8000 	C:\WINDOWS\System32\PSAPI.DLL
0x00007ffc69260000 - 0x00007ffc69287000 	C:\WINDOWS\SYSTEM32\WINMM.dll
0x00007ffc80300000 - 0x00007ffc80309000 	C:\WINDOWS\SYSTEM32\WSOCK32.dll
0x00007ffc75410000 - 0x00007ffc7541a000 	C:\WINDOWS\SYSTEM32\VERSION.dll
0x00007ffc84cf0000 - 0x00007ffc84d5b000 	C:\WINDOWS\System32\WS2_32.dll
0x00007ffc802c0000 - 0x00007ffc802cf000 	C:\Program Files\Android\Android Studio1\jre\jre\bin\verify.dll
0x00007ffc459f0000 - 0x00007ffc45a19000 	C:\Program Files\Android\Android Studio1\jre\jre\bin\java.dll
0x00007ffc5b980000 - 0x00007ffc5b996000 	C:\Program Files\Android\Android Studio1\jre\jre\bin\zip.dll
0x00007ffc85330000 - 0x00007ffc85a71000 	C:\WINDOWS\System32\SHELL32.dll
0x00007ffc81470000 - 0x00007ffc81c03000 	C:\WINDOWS\SYSTEM32\windows.storage.dll
0x00007ffc84fd0000 - 0x00007ffc85325000 	C:\WINDOWS\System32\combase.dll
0x00007ffc82d30000 - 0x00007ffc82d5c000 	C:\WINDOWS\SYSTEM32\Wldp.dll
0x00007ffc84160000 - 0x00007ffc8420e000 	C:\WINDOWS\System32\SHCORE.dll
0x00007ffc84c80000 - 0x00007ffc84cd5000 	C:\WINDOWS\System32\shlwapi.dll
0x00007ffc83260000 - 0x00007ffc83286000 	C:\WINDOWS\SYSTEM32\profapi.dll
0x00007ffc57250000 - 0x00007ffc5726a000 	C:\Program Files\Android\Android Studio1\jre\jre\bin\net.dll
0x00007ffc82a50000 - 0x00007ffc82aba000 	C:\WINDOWS\system32\mswsock.dll
0x00007ffc57040000 - 0x00007ffc57053000 	C:\Program Files\Android\Android Studio1\jre\jre\bin\nio.dll
0x00007ffc29810000 - 0x00007ffc29836000 	C:\Users\cmulilo\.gradle\native\31\windows-amd64\native-platform.dll
0x00007ffc802a0000 - 0x00007ffc802ad000 	C:\Program Files\Android\Android Studio1\jre\jre\bin\management.dll
0x00007ffc82c20000 - 0x00007ffc82c38000 	C:\WINDOWS\SYSTEM32\CRYPTSP.dll
0x00007ffc823e0000 - 0x00007ffc82414000 	C:\WINDOWS\system32\rsaenh.dll
0x00007ffc83ad0000 - 0x00007ffc83af7000 	C:\WINDOWS\System32\bcrypt.dll
0x00007ffc83220000 - 0x00007ffc8324e000 	C:\WINDOWS\SYSTEM32\USERENV.dll
0x00007ffc83600000 - 0x00007ffc8367f000 	C:\WINDOWS\System32\bcryptprimitives.dll
0x00007ffc82c40000 - 0x00007ffc82c4c000 	C:\WINDOWS\SYSTEM32\CRYPTBASE.dll
0x00007ffc82740000 - 0x00007ffc8277b000 	C:\WINDOWS\SYSTEM32\IPHLPAPI.DLL
0x00007ffc83fd0000 - 0x00007ffc83fd9000 	C:\WINDOWS\System32\NSI.dll
0x00007ffc75220000 - 0x00007ffc75237000 	C:\WINDOWS\SYSTEM32\dhcpcsvc6.DLL
0x00007ffc754b0000 - 0x00007ffc754cd000 	C:\WINDOWS\SYSTEM32\dhcpcsvc.DLL
0x00007ffc82780000 - 0x00007ffc8284b000 	C:\WINDOWS\SYSTEM32\DNSAPI.dll
0x00007ffc24fd0000 - 0x00007ffc2516c000 	C:\Program Files\Android\Android Studio1\jre\jre\bin\awt.dll
0x00007ffc83f00000 - 0x00007ffc83fcd000 	C:\WINDOWS\System32\OLEAUT32.dll
0x00007ffc80ba0000 - 0x00007ffc80bcf000 	C:\WINDOWS\SYSTEM32\dwmapi.dll
0x00007ffc7f030000 - 0x00007ffc7f5f0000 	C:\WINDOWS\SYSTEM32\d2d1.dll
0x00007ffc801e0000 - 0x00007ffc80270000 	C:\WINDOWS\SYSTEM32\apphelp.dll
0x00007ffc809b0000 - 0x00007ffc80a4f000 	C:\WINDOWS\system32\uxtheme.dll

VM Arguments:
jvm_args: -Xmx2048m -Dfile.encoding=windows-1252 -Duser.country=GB -Duser.language=en -Duser.variant 
java_command: org.gradle.launcher.daemon.bootstrap.GradleDaemon 6.1.1
java_class_path (initial): C:\Users\cmulilo\.gradle\wrapper\dists\gradle-6.1.1-all\cfmwm155h49vnt3hynmlrsdst\gradle-6.1.1\lib\gradle-launcher-6.1.1.jar
Launcher Type: SUN_STANDARD

Environment Variables:
PATH=C:\WINDOWS\system32;C:\WINDOWS;C:\WINDOWS\System32\Wbem;C:\WINDOWS\System32\WindowsPowerShell\v1.0\;C:\WINDOWS\System32\OpenSSH\;C:\Program Files (x86)\Intel\Intel(R) Management Engine Components\DAL;C:\Program Files\Intel\Intel(R) Management Engine Components\DAL;C:\Program Files\Git\cmd;C:\Users\cmulilo\AppData\Local\Microsoft\WindowsApps;C:\Users\cmulilo\AppData\Local\GitHubDesktop\bin
USERNAME=cmulilo
OS=Windows_NT
PROCESSOR_IDENTIFIER=Intel64 Family 6 Model 78 Stepping 3, GenuineIntel



---------------  S Y S T E M  ---------------

OS: Windows 10.0 , 64 bit Build 19041 (10.0.19041.292)

CPU:total 4 (initial active 4) (2 cores per cpu, 2 threads per core) family 6 model 78 stepping 3, cmov, cx8, fxsr, mmx, sse, sse2, sse3, ssse3, sse4.1, sse4.2, popcnt, avx, avx2, aes, clmul, erms, 3dnowpref, lzcnt, ht, tsc, tscinvbit, bmi1, bmi2, adx

Memory: 4k page, physical 8266340k(469380k free), swap 33432164k(300k free)

vm_info: OpenJDK 64-Bit Server VM (25.242-b01) for windows-amd64 JRE (1.8.0_242-release-1644-b01), built by "builder" with MS VC++ 10.0 (VS2010)

time: Tue Sep 22 16:40:29 2020
timezone: W. Europe Daylight Time
elapsed time: 591 seconds (0d 0h 9m 51s)

